OpenGLWindow.obj : error LNK2019: ссылка на неразрешенный внешний символ __imp_glewInit в функции "public: bool __cdecl OpenGLWindow::createWindow(int,int,class std::basic_string<char,struct std::char_traits<char>,class std::allocator<char> >,bool)" (?createWindow@OpenGLWindow@@QEAA_NHHV?$basic_string@DU?$char_traits@D@std@@V?$allocator@D@2@@std@@_N@Z)
OpenGLWindow.obj : error LNK2019: ссылка на неразрешенный внешний символ glfwInit в функции "public: bool __cdecl OpenGLWindow::createWindow(int,int,class std::basic_string<char,struct std::char_traits<char>,class std::allocator<char> >,bool)" (?createWindow@OpenGLWindow@@QEAA_NHHV?$basic_string@DU?$char_traits@D@std@@V?$allocator@D@2@@std@@_N@Z)
OpenGLWindow.obj : error LNK2019: ссылка на неразрешенный внешний символ glfwTerminate в функции "public: __cdecl OpenGLWindow::~OpenGLWindow(void)" (??1OpenGLWindow@@QEAA@XZ)
OpenGLWindow.obj : error LNK2019: ссылка на неразрешенный внешний символ glfwGetPrimaryMonitor в функции "public: bool __cdecl OpenGLWindow::createWindow(int,int,class std::basic_string<char,struct std::char_traits<char>,class std::allocator<char> >,bool)" (?createWindow@OpenGLWindow@@QEAA_NHHV?$basic_string@DU?$char_traits@D@std@@V?$allocator@D@2@@std@@_N@Z)
OpenGLWindow.obj : error LNK2019: ссылка на неразрешенный внешний символ glfwGetVideoMode в функции "public: bool __cdecl OpenGLWindow::createWindow(int,int,class std::basic_string<char,struct std::char_traits<char>,class std::allocator<char> >,bool)" (?createWindow@OpenGLWindow@@QEAA_NHHV?$basic_string@DU?$char_traits@D@std@@V?$allocator@D@2@@std@@_N@Z)
OpenGLWindow.obj : error LNK2019: ссылка на неразрешенный внешний символ glfwWindowHint в функции "public: bool __cdecl OpenGLWindow::createWindow(int,int,class std::basic_string<char,struct std::char_traits<char>,class std::allocator<char> >,bool)" (?createWindow@OpenGLWindow@@QEAA_NHHV?$basic_string@DU?$char_traits@D@std@@V?$allocator@D@2@@std@@_N@Z)
OpenGLWindow.obj : error LNK2019: ссылка на неразрешенный внешний символ glfwCreateWindow в функции "public: bool __cdecl OpenGLWindow::createWindow(int,int,class std::basic_string<char,struct std::char_traits<char>,class std::allocator<char> >,bool)" (?createWindow@OpenGLWindow@@QEAA_NHHV?$basic_string@DU?$char_traits@D@std@@V?$allocator@D@2@@std@@_N@Z)
OpenGLWindow.obj : error LNK2019: ссылка на неразрешенный внешний символ glfwWindowShouldClose в функции "public: void __cdecl OpenGLWindow::runApp(void)" (?runApp@OpenGLWindow@@QEAAXXZ)
OpenGLWindow.obj : error LNK2019: ссылка на неразрешенный внешний символ glfwSetWindowShouldClose в функции "private: static void __cdecl OpenGLWindow::key_callback(struct GLFWwindow *,int,int,int,int)" (?key_callback@OpenGLWindow@@CAXPEAUGLFWwindow@@HHHH@Z)
OpenGLWindow.obj : error LNK2019: ссылка на неразрешенный внешний символ glfwSetWindowTitle в функции "private: void __cdecl OpenGLWindow::showFPS(void)" (?showFPS@OpenGLWindow@@AEAAXXZ)
OpenGLWindow.obj : error LNK2019: ссылка на неразрешенный внешний символ glfwSetWindowIcon в функции "public: void __cdecl OpenGLWindow::runApp(void)" (?runApp@OpenGLWindow@@QEAAXXZ)
OpenGLWindow.obj : error LNK2019: ссылка на неразрешенный внешний символ glfwGetWindowSize в функции "private: void __cdecl OpenGLWindow::onWindowSizeChanged(void)" (?onWindowSizeChanged@OpenGLWindow@@AEAAXXZ)
OpenGLWindow.obj : error LNK2019: ссылка на неразрешенный внешний символ glfwGetFramebufferSize в функции "public: bool __cdecl OpenGLWindow::createWindow(int,int,class std::basic_string<char,struct std::char_traits<char>,class std::allocator<char> >,bool)" (?createWindow@OpenGLWindow@@QEAA_NHHV?$basic_string@DU?$char_traits@D@std@@V?$allocator@D@2@@std@@_N@Z)
OpenGLWindow.obj : error LNK2019: ссылка на неразрешенный внешний символ glfwPollEvents в функции "private: void __cdecl OpenGLWindow::renderScene(void)" (?renderScene@OpenGLWindow@@AEAAXXZ)
OpenGLWindow.obj : error LNK2019: ссылка на неразрешенный внешний символ glfwSetInputMode в функции "public: bool __cdecl OpenGLWindow::createWindow(int,int,class std::basic_string<char,struct std::char_traits<char>,class std::allocator<char> >,bool)" (?createWindow@OpenGLWindow@@QEAA_NHHV?$basic_string@DU?$char_traits@D@std@@V?$allocator@D@2@@std@@_N@Z)
OpenGLWindow.obj : error LNK2019: ссылка на неразрешенный внешний символ glfwSetKeyCallback в функции "public: bool __cdecl OpenGLWindow::createWindow(int,int,class std::basic_string<char,struct std::char_traits<char>,class std::allocator<char> >,bool)" (?createWindow@OpenGLWindow@@QEAA_NHHV?$basic_string@DU?$char_traits@D@std@@V?$allocator@D@2@@std@@_N@Z)
OpenGLWindow.obj : error LNK2019: ссылка на неразрешенный внешний символ glfwSetCursorPosCallback в функции "public: bool __cdecl OpenGLWindow::createWindow(int,int,class std::basic_string<char,struct std::char_traits<char>,class std::allocator<char> >,bool)" (?createWindow@OpenGLWindow@@QEAA_NHHV?$basic_string@DU?$char_traits@D@std@@V?$allocator@D@2@@std@@_N@Z)
OpenGLWindow.obj : error LNK2019: ссылка на неразрешенный внешний символ glfwSetScrollCallback в функции "public: bool __cdecl OpenGLWindow::createWindow(int,int,class std::basic_string<char,struct std::char_traits<char>,class std::allocator<char> >,bool)" (?createWindow@OpenGLWindow@@QEAA_NHHV?$basic_string@DU?$char_traits@D@std@@V?$allocator@D@2@@std@@_N@Z)
OpenGLWindow.obj : error LNK2019: ссылка на неразрешенный внешний символ glfwGetTime в функции "public: void __cdecl OpenGLWindow::runApp(void)" (?runApp@OpenGLWindow@@QEAAXXZ)
Sphere.obj : error LNK2001: неразрешенный внешний символ "glfwGetTime"
OpenGLWindow.obj : error LNK2019: ссылка на неразрешенный внешний символ glfwMakeContextCurrent в функции "public: bool __cdecl OpenGLWindow::createWindow(int,int,class std::basic_string<char,struct std::char_traits<char>,class std::allocator<char> >,bool)" (?createWindow@OpenGLWindow@@QEAA_NHHV?$basic_string@DU?$char_traits@D@std@@V?$allocator@D@2@@std@@_N@Z)
OpenGLWindow.obj : error LNK2019: ссылка на неразрешенный внешний символ glfwSwapBuffers в функции "private: void __cdecl OpenGLWindow::renderScene(void)" (?renderScene@OpenGLWindow@@AEAAXXZ)
OpenGLWindow.obj : error LNK2019: ссылка на неразрешенный внешний символ SOIL_load_image в функции "public: void __cdecl OpenGLWindow::runApp(void)" (?runApp@OpenGLWindow@@QEAAXXZ)
Texture.obj : error LNK2001: неразрешенный внешний символ "SOIL_load_image"
OpenGLWindow.obj : error LNK2019: ссылка на неразрешенный внешний символ SOIL_free_image_data в функции "public: void __cdecl OpenGLWindow::runApp(void)" (?runApp@OpenGLWindow@@QEAAXXZ)
Texture.obj : error LNK2001: неразрешенный внешний символ "SOIL_free_image_data"
OpenGLWindow.obj : error LNK2019: ссылка на неразрешенный внешний символ __imp_AdrOpenDevice в функции "class audiere::AudioDevice * __cdecl audiere::OpenDevice(char const *,char const *)" (?OpenDevice@audiere@@YAPEAVAudioDevice@1@PEBD0@Z)
OpenGLWindow.obj : error LNK2019: ссылка на неразрешенный внешний символ __imp_AdrOpenSampleSource в функции "class audiere::SampleSource * __cdecl audiere::OpenSampleSource(char const *,enum audiere::FileFormat)" (?OpenSampleSource@audiere@@YAPEAVSampleSource@1@PEBDW4FileFormat@1@@Z)
OpenGLWindow.obj : error LNK2019: ссылка на неразрешенный внешний символ __imp_AdrOpenSound в функции "class audiere::OutputStream * __cdecl audiere::OpenSound(class audiere::RefPtr<class audiere::AudioDevice> const &,class audiere::RefPtr<class audiere::SampleSource> const &,bool)" (?OpenSound@audiere@@YAPEAVOutputStream@1@AEBV?$RefPtr@VAudioDevice@audiere@@@1@AEBV?$RefPtr@VSampleSource@audiere@@@1@_N@Z)
OpenGLWindow.obj : error LNK2001: неразрешенный внешний символ "__imp___glewGetUniformLocation"
OpenGLWindow.obj : error LNK2001: неразрешенный внешний символ "__imp___glewUniformMatrix4fv"
OpenGLWindow.obj : error LNK2001: неразрешенный внешний символ "__imp___glewBindVertexArray"
Sphere.obj : error LNK2001: неразрешенный внешний символ "__imp___glewBindVertexArray"
OpenGLWindow.obj : error LNK2001: неразрешенный внешний символ "__imp_glewExperimental"
Shader.obj : error LNK2001: неразрешенный внешний символ "__imp___glewCompileShader"
Shader.obj : error LNK2001: неразрешенный внешний символ "__imp___glewCreateShader"
Shader.obj : error LNK2001: неразрешенный внешний символ "__imp___glewDeleteShader"
Shader.obj : error LNK2001: неразрешенный внешний символ "__imp___glewGetShaderInfoLog"
Shader.obj : error LNK2001: неразрешенный внешний символ "__imp___glewGetShaderiv"
Shader.obj : error LNK2001: неразрешенный внешний символ "__imp___glewShaderSource"
ShaderProgram.obj : error LNK2001: неразрешенный внешний символ "__imp___glewAttachShader"
ShaderProgram.obj : error LNK2001: неразрешенный внешний символ "__imp___glewCreateProgram"
ShaderProgram.obj : error LNK2001: неразрешенный внешний символ "__imp___glewDeleteProgram"
ShaderProgram.obj : error LNK2001: неразрешенный внешний символ "__imp___glewGetProgramInfoLog"
ShaderProgram.obj : error LNK2001: неразрешенный внешний символ "__imp___glewGetProgramiv"
ShaderProgram.obj : error LNK2001: неразрешенный внешний символ "__imp___glewLinkProgram"
ShaderProgram.obj : error LNK2001: неразрешенный внешний символ "__imp___glewUseProgram"
Sphere.obj : error LNK2001: неразрешенный внешний символ "__imp___glewBindBuffer"
Sphere.obj : error LNK2001: неразрешенный внешний символ "__imp___glewBufferData"
Sphere.obj : error LNK2001: неразрешенный внешний символ "__imp___glewDeleteBuffers"
Sphere.obj : error LNK2001: неразрешенный внешний символ "__imp___glewGenBuffers"
Sphere.obj : error LNK2001: неразрешенный внешний символ "__imp___glewEnableVertexAttribArray"
Sphere.obj : error LNK2001: неразрешенный внешний символ "__imp___glewVertexAttribPointer"
Sphere.obj : error LNK2001: неразрешенный внешний символ "__imp___glewGenVertexArrays"
Texture.obj : error LNK2001: неразрешенный внешний символ "__imp___glewActiveTexture"
Texture.obj : error LNK2001: неразрешенный внешний символ "__imp___glewGenerateMipmap"
D:\Programming\cpp\External Libs\SOIL\lib\Win32\Debug\soil.lib : warning LNK4272: тип компьютера библиотеки "x86" конфликтует с типом целевого компьютера "x64"
D:\Programming\cpp\External Libs\GLEW\lib\Release\Win32\glew32.lib : warning LNK4272: тип компьютера библиотеки "x86" конфликтует с типом целевого компьютера "x64"
D:\Programming\cpp\External Libs\GLFW\lib-vc2019\glfw3.lib : warning LNK4272: тип компьютера библиотеки "x86" конфликтует с типом целевого компьютера "x64"
D:\Programming\cpp\External Libs\audiere\lib\audiere.lib : warning LNK4272: тип компьютера библиотеки "x86" конфликтует с типом целевого компьютера "x64"
D:\Programming\cpp\AMC_Bridge\Solar_System\Solar-System-Simulator\x64\Debug\Solar_System.exe : fatal error LNK1120: неразрешенных внешних элементов: 52
